2024-10-09T20:40:52.199Z [You Got error] : uncaughtException: Cannot find module 'cors'
Require stack:
- D:\Coding\Interviews\Unitask\dist\loaders\express.loader.js
- D:\Coding\Interviews\Unitask\dist\app.js
Error: Cannot find module 'cors'
Require stack:
- D:\Coding\Interviews\Unitask\dist\loaders\express.loader.js
- D:\Coding\Interviews\Unitask\dist\app.js
    at Module._resolveFilename (node:internal/modules/cjs/loader:1143:15)
    at Module._load (node:internal/modules/cjs/loader:984:27)
    at Module.require (node:internal/modules/cjs/loader:1231:19)
    at require (node:internal/modules/helpers:179:18)
    at Object.<anonymous> (D:\Coding\Interviews\Unitask\dist\loaders\express.loader.js:7:32)
    at Module._compile (node:internal/modules/cjs/loader:1369:14)
    at Module._extensions..js (node:internal/modules/cjs/loader:1427:10)
    at Module.load (node:internal/modules/cjs/loader:1206:32)
    at Module._load (node:internal/modules/cjs/loader:1022:12)
    at Module.require (node:internal/modules/cjs/loader:1231:19)
2024-10-09T20:41:57.673Z [You Got error] : uncaughtException: Cannot find module 'cors'
Require stack:
- D:\Coding\Interviews\Unitask\src\loaders\express.loader.ts
- D:\Coding\Interviews\Unitask\src\app.ts
Error: Cannot find module 'cors'
Require stack:
- D:\Coding\Interviews\Unitask\src\loaders\express.loader.ts
- D:\Coding\Interviews\Unitask\src\app.ts
    at Function.Module._resolveFilename (node:internal/modules/cjs/loader:1143:15)
    at Function.Module._resolveFilename.sharedData.moduleResolveFilenameHook.installedValue [as _resolveFilename] (D:\Coding\Interviews\Unitask\node_modules\@cspotcode\source-map-support\source-map-support.js:811:30)
    at Function.Module._load (node:internal/modules/cjs/loader:984:27)
    at Module.require (node:internal/modules/cjs/loader:1231:19)
    at require (node:internal/modules/helpers:179:18)
    at Object.<anonymous> (D:\Coding\Interviews\Unitask\src\loaders\express.loader.ts:2:1)
    at Module._compile (node:internal/modules/cjs/loader:1369:14)
    at Module.m._compile (D:\Coding\Interviews\Unitask\node_modules\ts-node\src\index.ts:1618:23)
    at Module._extensions..js (node:internal/modules/cjs/loader:1427:10)
    at Object.require.extensions.<computed> [as .ts] (D:\Coding\Interviews\Unitask\node_modules\ts-node\src\index.ts:1621:12)
